<?xml version="1.0" encoding="UTF-8"?>
<beans xmlns="http://www.springframework.org/schema/beans"
       xmlns:xsi="http://www.w3.org/2001/XMLSchema-instance"
       xmlns:context="http://www.springframework.org/schema/context"
       xmlns:p="http://www.springframework.org/schema/p"
       xsi:schemaLocation="http://www.springframework.org/schema/beans http://www.springframework.org/schema/beans/spring-beans-4.3.xsd
                           http://www.springframework.org/schema/context http://www.springframework.org/schema/context/spring-context-4.3.xsd">

	<bean id="dataSourceFactory" class="test.runtime.util.DataSourceFactoryImpl" />

	<bean id="localeCodeProvider" class="org.mockito.Mockito" factory-method="mock">
		<constructor-arg>
			<bean class="java.lang.Class" factory-method="forName">
				<constructor-arg value="main.util.locale.LocaleCodeProvider" />
			</bean>
		</constructor-arg>
	</bean>

	<bean id="labelProvider" class="org.mockito.Mockito" factory-method="mock">
		<constructor-arg>
			<bean class="java.lang.Class" factory-method="forName">
				<constructor-arg value="main.util.labels.LabelProvider" />
			</bean>
		</constructor-arg>
	</bean>

	<bean id="currentUserService" class="org.mockito.Mockito" factory-method="mock">
		<constructor-arg>
			<bean class="java.lang.Class" factory-method="forName">
				<constructor-arg value="main.util.currentUser.CurrentUserService" />
			</bean>
		</constructor-arg>
	</bean>

	<bean id="domainURIProvider" class="org.mockito.Mockito" factory-method="mock">
		<constructor-arg>
			<bean class="java.lang.Class" factory-method="forName">
				<constructor-arg value="main.util.domain.DomainURIProvider" />
			</bean>
		</constructor-arg>
	</bean>

	<bean id="tokenProvider" class="org.mockito.Mockito" factory-method="mock">
		<constructor-arg>
			<bean class="java.lang.Class" factory-method="forName">
				<constructor-arg value="main.util.token.TokenProvider" />
			</bean>
		</constructor-arg>
	</bean>

	<bean id="courseMembershipValidator" class="org.mockito.Mockito" factory-method="mock">
		<constructor-arg>
			<bean class="java.lang.Class" factory-method="forName">
				<constructor-arg value="main.util.coursemembership.validator.CourseMembershipValidator" />
			</bean>
		</constructor-arg>
	</bean>

	<bean id="localeResolver" class="org.mockito.Mockito" factory-method="mock">
		<constructor-arg>
			<bean class="java.lang.Class" factory-method="forName">
				<constructor-arg value="org.springframework.web.servlet.LocaleResolver" />
			</bean>
		</constructor-arg>
	</bean>

	<context:component-scan base-package="main.dao, main.json, main.model, main.security, main.service.crud, main.service.search, main.util">
		<context:exclude-filter type="regex" expression="main.util.locale.LocaleCodeProviderImpl" />
		<context:exclude-filter type="regex" expression="main.util.labels.LabelProviderImpl" />
		<context:exclude-filter type="regex" expression="main.util.currentUser.CurrentUserServiceImpl" />
		<context:exclude-filter type="regex" expression="main.util.domain.DomainURIProvider" />
		<context:exclude-filter type="regex" expression="main.util.token.TokenProviderImpl" />
		<context:exclude-filter type="regex" expression="main.util.courseMembership.validator.CourseMembershipValidatorImpl" />
	</context:component-scan>

    <context:property-placeholder properties-ref="deployProperties" />
    <bean id="deployProperties" class="org.springframework.beans.factory.config.PropertiesFactoryBean" p:location="file:WebContent/WEB-INF/resources/application.properties" p:fileEncoding="UTF-8" />

    <import resource="file:WebContent/WEB-INF/config/context-files/spring-file.xml" />
    <import resource="file:WebContent/WEB-INF/config/context-files/spring-locale.xml" />
    <import resource="test-context-database.xml" />
    <import resource="file:WebContent/WEB-INF/config/context-files/spring-security-oauth.xml" />
    <import resource="file:WebContent/WEB-INF/config/context-files/spring-security.xml" />
    <import resource="test-context-mail.xml" />

</beans>