<?xml version="1.0" encoding="UTF-8"?>
<beans xmlns="http://www.springframework.org/schema/beans"
       xmlns:context="http://www.springframework.org/schema/context"
       xmlns:xsi="http://www.w3.org/2001/XMLSchema-instance"
       xmlns:mvc="http://www.springframework.org/schema/mvc"
       xmlns:security="http://www.springframework.org/schema/security"
       xsi:schemaLocation="http://www.springframework.org/schema/beans http://www.springframework.org/schema/beans/spring-beans-4.0.xsd
    http://www.springframework.org/schema/mvc http://www.springframework.org/schema/mvc/spring-mvc-4.0.xsd
    http://www.springframework.org/schema/context http://www.springframework.org/schema/context/spring-context-4.0.xsd
    http://www.springframework.org/schema/security
	http://www.springframework.org/schema/security/spring-security-4.0.xsd">

    <security:global-method-security jsr250-annotations="enabled" access-decision-manager-ref="accessDecisionManager"  metadata-source-ref="courseMembershipSecurityMetadataSource" />

    <bean id="courseMembershipSecurityMetadataSource" class="main.security.coursemembership.CourseMembershipSecurityMetadataSource" />

    <context:component-scan base-package="main.controllers, main.error, main.service.controller" />

    <mvc:annotation-driven/>

    <mvc:resources mapping="/static/**" location="/static/" />

    <import resource="file:WebContent/WEB-INF/config/servlet-files/spring-jackson.xml" />
	<import resource="file:WebContent/WEB-INF/config/servlet-files/spring-locale1.xml" />
    <import resource="file:WebContent/WEB-INF/config/servlet-files/spring-locale2.xml" />

</beans>