<?xml version="1.0" encoding="UTF-8"?>
<beans xmlns="http://www.springframework.org/schema/beans"
       xmlns:xsi="http://www.w3.org/2001/XMLSchema-instance"
       xmlns:context="http://www.springframework.org/schema/context"
       xmlns:p="http://www.springframework.org/schema/p"
       xsi:schemaLocation="http://www.springframework.org/schema/beans http://www.springframework.org/schema/beans/spring-beans-4.0.xsd
                           http://www.springframework.org/schema/context http://www.springframework.org/schema/context/spring-context-4.0.xsd">

	<bean id="currentUserService" class="org.mockito.Mockito" factory-method="mock">
		<constructor-arg>
			<bean class="java.lang.Class" factory-method="forName">
				<constructor-arg value="main.util.currentUser.CurrentUserService" />
			</bean>
		</constructor-arg>
	</bean>

	<bean id="userService" class="org.mockito.Mockito" factory-method="mock">
		<constructor-arg>
			<bean class="java.lang.Class" factory-method="forName">
				<constructor-arg value="main.service.model.user.user.UserService" />
			</bean>
		</constructor-arg>
	</bean>

	<bean id="labelProvider" class="org.mockito.Mockito" factory-method="mock">
		<constructor-arg>
			<bean class="java.lang.Class" factory-method="forName">
				<constructor-arg value="main.util.labels.LabelProvider" />
			</bean>
		</constructor-arg>
	</bean>

	<bean id="languageService" class="org.mockito.Mockito" factory-method="mock">
		<constructor-arg>
			<bean class="java.lang.Class" factory-method="forName">
				<constructor-arg value="main.service.model.language.LanguageService" />
			</bean>
		</constructor-arg>
	</bean>

	<bean id="placementTestService" class="org.mockito.Mockito" factory-method="mock">
		<constructor-arg>
			<bean class="java.lang.Class" factory-method="forName">
				<constructor-arg value="main.service.model.placementtest.PlacementTestService" />
			</bean>
		</constructor-arg>
	</bean>

	<bean id="placementTestResultService" class="org.mockito.Mockito" factory-method="mock">
		<constructor-arg>
			<bean class="java.lang.Class" factory-method="forName">
				<constructor-arg value="main.service.model.user.placementtestresult.PlacementTestResultService" />
			</bean>
		</constructor-arg>
	</bean>

	<bean id="domainURIProvider" class="org.mockito.Mockito" factory-method="mock">
		<constructor-arg>
			<bean class="java.lang.Class" factory-method="forName">
				<constructor-arg value="main.util.domain.DomainURIProvider" />
			</bean>
		</constructor-arg>
	</bean>

	<bean id="tokenProvider" class="org.mockito.Mockito" factory-method="mock">
		<constructor-arg>
			<bean class="java.lang.Class" factory-method="forName">
				<constructor-arg value="main.util.token.TokenProvider" />
			</bean>
		</constructor-arg>
	</bean>

	<context:component-scan base-package="main.dao, main.json, main.model main.security, main.service, main.util">
		<context:exclude-filter type="regex" expression="main.util.currentUser.CurrentUserServiceImpl" />
		<context:exclude-filter type="regex" expression="main.service.model.user.user.UserServiceImpl" />
		<context:exclude-filter type="regex" expression="main.util.labels.LabelProviderImpl" />
		<context:exclude-filter type="regex" expression="main.service.model.language.LanguageServiceImpl" />
		<context:exclude-filter type="regex" expression="main.service.model.placementtest.PlacementTestServiceImpl" />
		<context:exclude-filter type="regex" expression="main.service.model.user.placementtestresult.PlacementTestResultServiceImpl" />
		<context:exclude-filter type="regex" expression="main.util.domain.DomainURIProvider" />
		<context:exclude-filter type="regex" expression="main.util.token.TokenProviderImpl" />
	</context:component-scan>

    <context:property-placeholder properties-ref="deployProperties" />
    <bean id="deployProperties" class="org.springframework.beans.factory.config.PropertiesFactoryBean" p:location="file:WebContent/WEB-INF/resources/application.properties" />
	
    <import resource="file:WebContent/WEB-INF/config/context-files/spring-database.xml" />
    <import resource="file:WebContent/WEB-INF/config/context-files/spring-security-oauth.xml" />
    <import resource="file:WebContent/WEB-INF/config/context-files/spring-security.xml" />
    <import resource="test-context-mail.xml" />

</beans>