<?xml version="1.0" encoding="UTF-8"?>
<beans xmlns="http://www.springframework.org/schema/beans"
       xmlns:xsi="http://www.w3.org/2001/XMLSchema-instance"
       xsi:schemaLocation="http://www.springframework.org/schema/beans http://www.springframework.org/schema/beans/spring-beans-4.3.xsd">

    <import resource="file:WebContent/WEB-INF/config/servlet-files/spring-default.xml" />
    <import resource="file:WebContent/WEB-INF/config/servlet-files/spring-jackson.xml" />
	<import resource="file:WebContent/WEB-INF/config/servlet-files/spring-locale1.xml" />

</beans>